[    0.000000] Initializing cgroup subsys cpuset
[    0.000000] Initializing cgroup subsys cpu
[    0.000000] Initializing cgroup subsys cpuacct
[    0.000000] Linux version 4.4.0-189-generic (buildd@lgw01-amd64-047) (gcc version 5.4.0 20160609 (Ubuntu 5.4.0-6ubuntu1~16.04.12) ) #219-Ubuntu SMP Tue Aug 11 12:26:50 UTC 2020 (Ubuntu 4.4.0-189.219-generic 4.4.232)
[    0.000000] Command line: BOOT_IMAGE=/boot/vmlinuz-4.4.0-189-generic root=LABEL=cloudimg-rootfs ro console=tty1 console=ttyS0
[    0.000000] KERNEL supported cpus:
[    0.000000]   Intel GenuineIntel
[    0.000000]   AMD AuthenticAMD
[    0.000000]   Centaur CentaurHauls
[    0.000000] [Firmware Bug]: TSC doesn't count with P0 frequency!
[    0.000000] x86/fpu: xstate_offset[2]:  576, xstate_sizes[2]:  256
[    0.000000] x86/fpu: Supporting XSAVE feature 0x01: 'x87 floating point registers'
[    0.000000] x86/fpu: Supporting XSAVE feature 0x02: 'SSE registers'
[    0.000000] x86/fpu: Supporting XSAVE feature 0x04: 'AVX registers'
[    0.000000] x86/fpu: Enabled xstate features 0x7, context size is 832 bytes, using 'standard' format.
[    0.000000] e820: BIOS-provided physical RAM map:
[    0.000000] BIOS-e820: [mem 0x0000000000000000-0x000000000009fbff] usable
[    0.000000] BIOS-e820: [mem 0x000000000009fc00-0x000000000009ffff] reserved
[    0.000000] BIOS-e820: [mem 0x00000000000f0000-0x00000000000fffff] reserved
[    0.000000] BIOS-e820: [mem 0x0000000000100000-0x000000003ffeffff] usable
[    0.000000] BIOS-e820: [mem 0x000000003fff0000-0x000000003fffffff] ACPI data
[    0.000000] BIOS-e820: [mem 0x00000000fec00000-0x00000000fec00fff] reserved
[    0.000000] BIOS-e820: [mem 0x00000000fee00000-0x00000000fee00fff] reserved
[    0.000000] BIOS-e820: [mem 0x00000000fffc0000-0x00000000ffffffff] reserved
[    0.000000] NX (Execute Disable) protection: active
[    0.000000] SMBIOS 2.5 present.
[    0.000000] Hypervisor detected: KVM
[    0.000000] Kernel/User page tables isolation: disabled
[    0.000000] e820: last_pfn = 0x3fff0 max_arch_pfn = 0x400000000
[    0.000000] MTRR: Disabled
[    0.000000] x86/PAT: MTRRs disabled, skipping PAT initialization too.
[    0.000000] CPU MTRRs all blank - virtualized system.
[    0.000000] x86/PAT: Configuration [0-7]: WB  WT  UC- UC  WB  WT  UC- UC  
[    0.000000] found SMP MP-table at [mem 0x0009fff0-0x0009ffff] mapped at [ffff88000009fff0]
[    0.000000] Scanning 1 areas for low memory corruption
[    0.000000] RAMDISK: [mem 0x362de000-0x37166fff]
[    0.000000] ACPI: Early table checksum verification disabled
[    0.000000] ACPI: RSDP 0x00000000000E0000 000024 (v02 VBOX  )
[    0.000000] ACPI: XSDT 0x000000003FFF0030 00003C (v01 VBOX   VBOXXSDT 00000001 ASL  00000061)
[    0.000000] ACPI: FACP 0x000000003FFF00F0 0000F4 (v04 VBOX   VBOXFACP 00000001 ASL  00000061)
[    0.000000] ACPI: DSDT 0x000000003FFF0470 002325 (v02 VBOX   VBOXBIOS 00000002 INTL 20190509)
[    0.000000] ACPI: FACS 0x000000003FFF0200 000040
[    0.000000] ACPI: FACS 0x000000003FFF0200 000040
[    0.000000] ACPI: APIC 0x000000003FFF0240 000054 (v02 VBOX   VBOXAPIC 00000001 ASL  00000061)
[    0.000000] ACPI: SSDT 0x000000003FFF02A0 0001CC (v01 VBOX   VBOXCPUT 00000002 INTL 20190509)
[    0.000000] No NUMA configuration found
[    0.000000] Faking a node at [mem 0x0000000000000000-0x000000003ffeffff]
[    0.000000] NODE_DATA(0) allocated [mem 0x3ffeb000-0x3ffeffff]
[    0.000000] kvm-clock: Using msrs 4b564d01 and 4b564d00
[    0.000000] kvm-clock: cpu 0, msr 0:3ffe3001, primary cpu clock
[    0.000000] kvm-clock: using sched offset of 3250375882 cycles
[    0.000000] clocksource: kvm-clock: mask: 0xffffffffffffffff max_cycles: 0x1cd42e4dffb, max_idle_ns: 881590591483 ns
[    0.000000] Zone ranges:
[    0.000000]   DMA      [mem 0x0000000000001000-0x0000000000ffffff]
[    0.000000]   DMA32    [mem 0x0000000001000000-0x000000003ffeffff]
[    0.000000]   Normal   empty
[    0.000000]   Device   empty
[    0.000000] Movable zone start for each node
[    0.000000] Early memory node ranges
[    0.000000]   node   0: [mem 0x0000000000001000-0x000000000009efff]
[    0.000000]   node   0: [mem 0x0000000000100000-0x000000003ffeffff]
[    0.000000] Initmem setup node 0 [mem 0x0000000000001000-0x000000003ffeffff]
[    0.000000] ACPI: PM-Timer IO Port: 0x4008
[    0.000000] IOAPIC[0]: apic_id 1, version 32, address 0xfec00000, GSI 0-23
[    0.000000] ACPI: INT_SRC_OVR (bus 0 bus_irq 0 global_irq 2 dfl dfl)
[    0.000000] ACPI: INT_SRC_OVR (bus 0 bus_irq 9 global_irq 9 low level)
[    0.000000] Using ACPI (MADT) for SMP configuration information
[    0.000000] smpboot: Allowing 1 CPUs, 0 hotplug CPUs
[    0.000000] PM: Registered nosave memory: [mem 0x00000000-0x00000fff]
[    0.000000] PM: Registered nosave memory: [mem 0x0009f000-0x0009ffff]
[    0.000000] PM: Registered nosave memory: [mem 0x000a0000-0x000effff]
[    0.000000] PM: Registered nosave memory: [mem 0x000f0000-0x000fffff]
[    0.000000] e820: [mem 0x40000000-0xfebfffff] available for PCI devices
[    0.000000] Booting paravirtualized kernel on KVM
[    0.000000] clocksource: refined-jiffies: mask: 0xffffffff max_cycles: 0xffffffff, max_idle_ns: 7645519600211568 ns
[    0.000000] setup_percpu: NR_CPUS:512 nr_cpumask_bits:512 nr_cpu_ids:1 nr_node_ids:1
[    0.000000] PERCPU: Embedded 33 pages/cpu @ffff88003fc00000 s95512 r8192 d31464 u2097152
[    0.000000] Built 1 zonelists in Node order, mobility grouping on.  Total pages: 257912
[    0.000000] Policy zone: DMA32
[    0.000000] Kernel command line: BOOT_IMAGE=/boot/vmlinuz-4.4.0-189-generic root=LABEL=cloudimg-rootfs ro console=tty1 console=ttyS0
[    0.000000] PID hash table entries: 4096 (order: 3, 32768 bytes)
[    0.000000] Memory: 997792K/1048120K available (8636K kernel code, 1337K rwdata, 4040K rodata, 1492K init, 1296K bss, 50328K reserved, 0K cma-reserved)
[    0.000000] SLUB: HWalign=64, Order=0-3, MinObjects=0, CPUs=1, Nodes=1
[    0.000000] Hierarchical RCU implementation.
[    0.000000] 	Build-time adjustment of leaf fanout to 64.
[    0.000000] 	RCU restricting CPUs from NR_CPUS=512 to nr_cpu_ids=1.
[    0.000000] RCU: Adjusting geometry for rcu_fanout_leaf=64, nr_cpu_ids=1
[    0.000000] NR_IRQS:33024 nr_irqs:256 16
[    0.000000] Console: colour VGA+ 80x25
[    0.000000] console [tty1] enabled
[    0.000000] console [ttyS0] enabled
[    0.000000] tsc: Detected 3495.398 MHz processor
[    0.110320] Calibrating delay loop (skipped) preset value.. 6990.79 BogoMIPS (lpj=13981592)
[    0.111480] pid_max: default: 32768 minimum: 301
[    0.112137] ACPI: Core revision 20150930
[    0.113883] ACPI: 2 ACPI AML tables successfully acquired and loaded
[    0.119128] Security Framework initialized
[    0.119762] Yama: becoming mindful.
[    0.120345] AppArmor: AppArmor initialized
[    0.120971] Dentry cache hash table entries: 131072 (order: 8, 1048576 bytes)
[    0.121954] Inode-cache hash table entries: 65536 (order: 7, 524288 bytes)
[    0.123684] Mount-cache hash table entries: 2048 (order: 2, 16384 bytes)
[    0.124531] Mountpoint-cache hash table entries: 2048 (order: 2, 16384 bytes)
[    0.125564] Initializing cgroup subsys io
[    0.126138] Initializing cgroup subsys memory
[    0.126756] Initializing cgroup subsys devices
[    0.127341] Initializing cgroup subsys freezer
[    0.127998] Initializing cgroup subsys net_cls
[    0.128955] Initializing cgroup subsys perf_event
[    0.129595] Initializing cgroup subsys net_prio
[    0.130312] Initializing cgroup subsys hugetlb
[    0.131114] Initializing cgroup subsys pids
[    0.131903] CPU0: Hyper-Threading is disabled
[    0.149116] mce: CPU supports 0 MCE banks
[    0.149765] Last level iTLB entries: 4KB 1024, 2MB 1024, 4MB 512
[    0.151948] Last level dTLB entries: 4KB 1536, 2MB 1536, 4MB 768, 1GB 0
[    0.152705] Spectre V1 : Mitigation: usercopy/swapgs barriers and __user pointer sanitization
[    0.153715] Spectre V2 : Spectre mitigation: LFENCE not serializing, switching to generic retpoline
[    0.154915] Spectre V2 : Mitigation: Full generic retpoline
[    0.155784] Spectre V2 : Spectre v2 / SpectreRSB mitigation: Filling RSB on context switch
[    0.157044] Speculative Store Bypass: Mitigation: Speculative Store Bypass disabled via prctl and seccomp
[    0.173578] Freeing SMP alternatives memory: 36K
[    0.179477] ftrace: allocating 32336 entries in 127 pages
[    0.233021] smpboot: APIC(0) Converting physical 0 to logical package 0
[    0.234110] smpboot: Max logical packages: 1
[    0.235189] x2apic enabled
[    0.236025] Switched APIC routing to physical x2apic.
[    0.237756] ..TIMER: vector=0x30 apic1=0 pin1=2 apic2=-1 pin2=-1
[    0.346534] APIC calibration not consistent with PM-Timer: 102ms instead of 100ms
[    0.347592] APIC delta adjusted to PM-Timer: 6323347 (6500371)
[    0.348324] smpboot: CPU0: AMD Athlon 3000G with Radeon Vega Graphics (family: 0x17, model: 0x18, stepping: 0x1)
[    0.349673] Performance Events: Broken PMU hardware detected, using software events only.
[    0.350738] Failed to access perfctr msr (MSR c0010007 is 0)
[    0.356270] KVM setup paravirtual spinlock
[    0.357586] x86: Booted up 1 node, 1 CPUs
[    0.358148] smpboot: Total of 1 processors activated (6990.79 BogoMIPS)
[    0.359231] devtmpfs: initialized
[    0.361289] evm: security.selinux
[    0.361837] evm: security.SMACK64
[    0.362329] evm: security.SMACK64EXEC
[    0.362862] evm: security.SMACK64TRANSMUTE
[    0.363477] evm: security.SMACK64MMAP
[    0.364051] evm: security.ima
[    0.364548] evm: security.capability
[    0.365274] clocksource: jiffies: mask: 0xffffffff max_cycles: 0xffffffff, max_idle_ns: 7645041785100000 ns
[    0.366628] futex hash table entries: 256 (order: 2, 16384 bytes)
[    0.367582] pinctrl core: initialized pinctrl subsystem
[    0.368462] RTC time: 18:33:54, date: 09/16/20
[    0.369545] NET: Registered protocol family 16
[    0.370357] cpuidle: using governor ladder
[    0.370975] cpuidle: using governor menu
[    0.371623] PCCT header not found.
[    0.372563] ACPI: bus type PCI registered
[    0.373155] acpiphp: ACPI Hot Plug PCI Controller Driver version: 0.5
[    0.374028] PCI: Using configuration type 1 for base access
[    0.377746] PCI: Using configuration type 1 for extended access
[    0.386995] ACPI: Added _OSI(Module Device)
[    0.387834] ACPI: Added _OSI(Processor Device)
[    0.388594] ACPI: Added _OSI(3.0 _SCP Extensions)
[    0.389395] ACPI: Added _OSI(Processor Aggregator Device)
[    0.390853] ACPI: Executed 1 blocks of module-level executable AML code
[    0.394222] ACPI: Interpreter enabled
[    0.394935] ACPI: (supports S0 S5)
[    0.395585] ACPI: Using IOAPIC for interrupt routing
[    0.396557] PCI: Using host bridge windows from ACPI; if necessary, use "pci=nocrs" and report a bug
[    0.401885] ACPI: PCI Root Bridge [PCI0] (domain 0000 [bus 00-ff])
[    0.402878] acpi PNP0A03:00: _OSC: OS supports [ExtendedConfig ASPM ClockPM Segments MSI]
[    0.405144] acpi PNP0A03:00: _OSC: platform does not support [PCIeCapability]
[    0.406578] acpi PNP0A03:00: _OSC: not requesting control; platform does not support [PCIeCapability]
[    0.408212] acpi PNP0A03:00: _OSC: OS requested [PCIeHotplug PME AER PCIeCapability]
[    0.409480] acpi PNP0A03:00: _OSC: platform willing to grant [PCIeHotplug PME AER]
[    0.410687] acpi PNP0A03:00: _OSC failed (AE_SUPPORT); disabling ASPM
[    0.422083] PCI host bridge to bus 0000:00
[    0.423122] pci_bus 0000:00: root bus resource [io  0x0000-0x0cf7 window]
[    0.424269] pci_bus 0000:00: root bus resource [io  0x0d00-0xffff window]
[    0.425253] pci_bus 0000:00: root bus resource [mem 0x000a0000-0x000bffff window]
[    0.426839] pci_bus 0000:00: root bus resource [mem 0x40000000-0xfdffffff window]
[    0.428394] pci_bus 0000:00: root bus resource [bus 00-ff]
[    0.430507] pci 0000:00:01.1: legacy IDE quirk: reg 0x10: [io  0x01f0-0x01f7]
[    0.431538] pci 0000:00:01.1: legacy IDE quirk: reg 0x14: [io  0x03f6]
[    0.432353] pci 0000:00:01.1: legacy IDE quirk: reg 0x18: [io  0x0170-0x0177]
[    0.433207] pci 0000:00:01.1: legacy IDE quirk: reg 0x1c: [io  0x0376]
[    0.451560] pci 0000:00:07.0: quirk: [io  0x4000-0x403f] claimed by PIIX4 ACPI
[    0.452828] pci 0000:00:07.0: quirk: [io  0x4100-0x410f] claimed by PIIX4 SMB
[    0.464592] ACPI: PCI Interrupt Link [LNKA] (IRQs 5 9 10 *11)
[    0.465988] ACPI: PCI Interrupt Link [LNKB] (IRQs 5 9 *10 11)
[    0.467143] ACPI: PCI Interrupt Link [LNKC] (IRQs 5 *9 10 11)
[    0.468308] ACPI: PCI Interrupt Link [LNKD] (IRQs 5 9 10 *11)
[    0.469469] ACPI: Enabled 2 GPEs in block 00 to 07
[    0.470460] vgaarb: setting as boot device: PCI:0000:00:02.0
[    0.471212] vgaarb: device added: PCI:0000:00:02.0,decodes=io+mem,owns=io+mem,locks=none
[    0.472392] vgaarb: loaded
[    0.472842] vgaarb: bridge control possible 0000:00:02.0
[    0.473803] SCSI subsystem initialized
[    0.474531] ACPI: bus type USB registered
[    0.475140] usbcore: registered new interface driver usbfs
[    0.475851] usbcore: registered new interface driver hub
[    0.476539] usbcore: registered new device driver usb
[    0.477353] PCI: Using ACPI for IRQ routing
[    0.478254] NetLabel: Initializing
[    0.478777] NetLabel:  domain hash size = 128
[    0.479371] NetLabel:  protocols = UNLABELED CIPSOv4
[    0.480081] NetLabel:  unlabeled traffic allowed by default
[    0.480917] amd_nb: Cannot enumerate AMD northbridges
[    0.481658] clocksource: Switched to clocksource kvm-clock
[    0.490735] AppArmor: AppArmor Filesystem Enabled
[    0.491640] pnp: PnP ACPI init
[    0.492983] pnp: PnP ACPI: found 3 devices
[    0.499707] clocksource: acpi_pm: mask: 0xffffff max_cycles: 0xffffff, max_idle_ns: 2085701024 ns
[    0.500942] NET: Registered protocol family 2
[    0.501813] TCP established hash table entries: 8192 (order: 4, 65536 bytes)
[    0.502716] TCP bind hash table entries: 8192 (order: 5, 131072 bytes)
[    0.503610] TCP: Hash tables configured (established 8192 bind 8192)
[    0.504408] UDP hash table entries: 512 (order: 2, 16384 bytes)
[    0.505210] UDP-Lite hash table entries: 512 (order: 2, 16384 bytes)
[    0.506068] NET: Registered protocol family 1
[    0.506743] pci 0000:00:00.0: Limiting direct PCI/PCI transfers
[    0.507509] pci 0000:00:01.0: Activating ISA DMA hang workarounds
[    0.508386] Unpacking initramfs...
[    0.714261] Freeing initrd memory: 14884K
[    0.715203] clocksource: tsc: mask: 0xffffffffffffffff max_cycles: 0x326255aebb4, max_idle_ns: 440795222577 ns
[    0.716822] platform rtc_cmos: registered platform RTC device (no PNP device found)
[    0.718400] Scanning for low memory corruption every 60 seconds
[    0.719811] audit: initializing netlink subsys (disabled)
[    0.720724] audit: type=2000 audit(1600281239.475:1): initialized
[    0.722029] Initialise system trusted keyring
[    0.722937] HugeTLB registered 2 MB page size, pre-allocated 0 pages
[    0.725041] zbud: loaded
[    0.725892] VFS: Disk quotas dquot_6.6.0
[    0.726593] VFS: Dquot-cache hash table entries: 512 (order 0, 4096 bytes)
[    0.727783] squashfs: version 4.0 (2009/01/31) Phillip Lougher
[    0.728786] fuse init (API version 7.23)
[    0.729480] Key type big_key registered
[    0.730113] Allocating IMA MOK and blacklist keyrings.
[    0.731185] Key type asymmetric registered
[    0.731790] Asymmetric key parser 'x509' registered
[    0.732543] Block layer SCSI generic (bsg) driver version 0.4 loaded (major 249)
[    0.733667] io scheduler noop registered
[    0.734285] io scheduler deadline registered (default)
[    0.734978] io scheduler cfq registered
[    0.735639] pci_hotplug: PCI Hot Plug PCI Core version: 0.5
[    0.736369] pciehp: PCI Express Hot Plug Controller Driver version: 0.4
[    0.737299] ACPI: AC Adapter [AC] (on-line)
[    0.737969] input: Power Button as /devices/LNXSYSTM:00/LNXPWRBN:00/input/input0
[    0.738993] ACPI: Power Button [PWRF]
[    0.739622] input: Sleep Button as /devices/LNXSYSTM:00/LNXSLPBN:00/input/input1
[    0.740657] ACPI: Sleep Button [SLPF]
[    0.742110] GHES: HEST is not enabled!
[    0.742820] Serial: 8250/16550 driver, 32 ports, IRQ sharing enabled
[    0.763893] 00:02: ttyS0 at I/O 0x3f8 (irq = 4, base_baud = 115200) is a 16550A
[    0.766497] Linux agpgart interface v0.103
[    0.768336] loop: module loaded
[    0.769589] scsi host0: ata_piix
[    0.770340] scsi host1: ata_piix
[    0.770932] ata1: PATA max UDMA/33 cmd 0x1f0 ctl 0x3f6 bmdma 0xd000 irq 14
[    0.771835] ata2: PATA max UDMA/33 cmd 0x170 ctl 0x376 bmdma 0xd008 irq 15
[    0.772901] libphy: Fixed MDIO Bus: probed
[    0.773469] tun: Universal TUN/TAP device driver, 1.6
[    0.774135] tun: (C) 1999-2004 Max Krasnyansky <maxk@qualcomm.com>
[    0.774927] PPP generic driver version 2.4.2
[    0.775560] ehci_hcd: USB 2.0 'Enhanced' Host Controller (EHCI) Driver
[    0.776249] ehci-pci: EHCI PCI platform driver
[    0.776831] ehci-platform: EHCI generic platform driver
[    0.777461] ohci_hcd: USB 1.1 'Open' Host Controller (OHCI) Driver
[    0.778707] ohci-pci: OHCI PCI platform driver
[    0.779320] ohci-platform: OHCI generic platform driver
[    0.779923] uhci_hcd: USB Universal Host Controller Interface driver
[    0.780710] i8042: PNP: PS/2 Controller [PNP0303:PS2K,PNP0f03:PS2M] at 0x60,0x64 irq 1,12
[    0.782141] serio: i8042 KBD port at 0x60,0x64 irq 1
[    0.782750] serio: i8042 AUX port at 0x60,0x64 irq 12
[    0.783479] mousedev: PS/2 mouse device common for all mice
[    0.784303] input: AT Translated Set 2 keyboard as /devices/platform/i8042/serio0/input/input2
[    0.785613] rtc_cmos rtc_cmos: rtc core: registered rtc_cmos as rtc0
[    0.786405] rtc_cmos rtc_cmos: alarms up to one day, 114 bytes nvram
[    0.787148] i2c /dev entries driver
[    0.787684] device-mapper: uevent: version 1.0.3
[    0.788336] device-mapper: ioctl: 4.34.0-ioctl (2015-10-28) initialised: dm-devel@redhat.com
[    0.789368] ledtrig-cpu: registered to indicate activity on CPUs
[    0.790395] NET: Registered protocol family 10
[    0.791173] NET: Registered protocol family 17
[    0.791774] Key type dns_resolver registered
[    0.792544] registered taskstats version 1
[    0.793102] Loading compiled-in X.509 certificates
[    0.794250] Loaded X.509 cert 'Build time autogenerated kernel key: 06f0812676e66a24038557b34a5a5205bffb6390'
[    0.796831] zswap: loaded using pool lzo/zbud
[    0.798829] Key type trusted registered
[    0.801844] Key type encrypted registered
[    0.802410] AppArmor: AppArmor sha1 policy hashing enabled
[    0.803050] ima: No TPM chip found, activating TPM-bypass!
[    0.803700] ima: Allocated hash algorithm: sha1
[    0.804275] evm: HMAC attrs: 0x1
[    0.804953]   Magic number: 4:161:595
[    0.805501] rtc_cmos rtc_cmos: setting system clock to 2020-09-16 18:33:55 UTC (1600281235)
[    0.806700] BIOS EDD facility v0.16 2004-Jun-25, 0 devices found
[    0.807377] EDD information not available.
[    0.950906] Freeing unused kernel memory: 1492K
[    0.951641] Write protecting the kernel read-only data: 14336k
[    0.952786] Freeing unused kernel memory: 1592K
[    0.953547] Freeing unused kernel memory: 56K
Loading, please wait...
starting version 229
[    0.964287] random: udevadm: uninitialized urandom read (16 bytes read, 3 bits of entropy available)
[    0.965637] random: udevadm: uninitialized urandom read (16 bytes read, 3 bits of entropy available)
[    0.967472] random: systemd-udevd: uninitialized urandom read (16 bytes read, 3 bits of entropy available)
[    0.968747] random: systemd-udevd: uninitialized urandom read (16 bytes read, 3 bits of entropy available)
[    0.969948] random: systemd-udevd: uninitialized urandom read (16 bytes read, 3 bits of entropy available)
[    0.971293] random: systemd-udevd: uninitialized urandom read (16 bytes read, 3 bits of entropy available)
[    0.979622] random: systemd-udevd: uninitialized urandom read (16 bytes read, 3 bits of entropy available)
[    0.980927] random: systemd-udevd: uninitialized urandom read (16 bytes read, 3 bits of entropy available)
[    0.982347] random: systemd-udevd: uninitialized urandom read (16 bytes read, 3 bits of entropy available)
[    0.985768] random: systemd-udevd: uninitialized urandom read (16 bytes read, 3 bits of entropy available)
[    1.065658] e1000: Intel(R) PRO/1000 Network Driver - version 7.3.21-k8-NAPI
[    1.066643] e1000: Copyright (c) 1999-2006 Intel Corporation.
[    1.072783] Fusion MPT base driver 3.04.20
[    1.073587] Copyright (c) 1999-2008 LSI Corporation
[    1.090034] Fusion MPT SPI Host driver 3.04.20
[    1.124818] AVX2 version of gcm_enc/dec engaged.
[    1.125793] AES CTR mode by8 optimization enabled
[    1.290117] input: ImExPS/2 Generic Explorer Mouse as /devices/platform/i8042/serio1/input/input4
[    1.443184] e1000 0000:00:03.0 eth0: (PCI:33MHz:32-bit) 02:8f:67:5f:07:a5
[    1.444349] e1000 0000:00:03.0 eth0: Intel(R) PRO/1000 Network Connection
[    1.446136] mptbase: ioc0: Initiating bringup
[    1.510048] ioc0: LSI53C1030 A0: Capabilities={Initiator}
[    1.671300] scsi host2: ioc0: LSI53C1030 A0, FwRev=00000000h, Ports=1, MaxQ=256, IRQ=20
[    1.787617] scsi 2:0:0:0: Direct-Access     VBOX     HARDDISK         1.0  PQ: 0 ANSI: 5
[    1.799966] scsi target2:0:0: Beginning Domain Validation
[    1.801499] scsi target2:0:0: Domain Validation skipping write tests
[    1.802394] scsi target2:0:0: Ending Domain Validation
[    1.803347] scsi target2:0:0: asynchronous
[    1.804307] scsi 2:0:1:0: Direct-Access     VBOX     HARDDISK         1.0  PQ: 0 ANSI: 5
[    1.805738] scsi target2:0:1: Beginning Domain Validation
[    1.809535] scsi target2:0:1: Domain Validation skipping write tests
[    1.810367] scsi target2:0:1: Ending Domain Validation
[    1.811379] scsi target2:0:1: asynchronous
[    1.891545] sd 2:0:0:0: Attached scsi generic sg0 type 0
[    1.892330] sd 2:0:0:0: [sda] 20971520 512-byte logical blocks: (10.7 GB/10.0 GiB)
[    1.894083] sd 2:0:1:0: [sdb] 20480 512-byte logical blocks: (10.5 MB/10.0 MiB)
[    1.895571] sd 2:0:1:0: Attached scsi generic sg1 type 0
[    1.896696] sd 2:0:0:0: [sda] Write Protect is off
[    1.897476] sd 2:0:1:0: [sdb] Write Protect is off
[    1.898276] sd 2:0:0:0: [sda] Incomplete mode parameter data
[    1.899115] sd 2:0:0:0: [sda] Assuming drive cache: write through
[    1.900061] sd 2:0:1:0: [sdb] Incomplete mode parameter data
[    1.900815] sd 2:0:1:0: [sdb] Assuming drive cache: write through
[    1.903456]  sda: sda1
[    1.904467] sd 2:0:1:0: [sdb] Attached SCSI disk
[    1.905706] sd 2:0:0:0: [sda] Attached SCSI disk
[    2.142355] e1000 0000:00:08.0 eth1: (PCI:33MHz:32-bit) 08:00:27:e2:8c:fb
[    2.143487] e1000 0000:00:08.0 eth1: Intel(R) PRO/1000 Network Connection
[    2.146106] e1000 0000:00:08.0 enp0s8: renamed from eth1
[    2.148987] e1000 0000:00:03.0 enp0s3: renamed from eth0
Begin: Loading essential drivers ... [    3.413673] md: linear personality registered for level -1
[    3.418872] md: multipath personality registered for level -4
[    3.423196] md: raid0 personality registered for level 0
[    3.428578] md: raid1 personality registered for level 1
[    3.501891] raid6: sse2x1   gen()  6612 MB/s
[    3.569842] raid6: sse2x1   xor()  6969 MB/s
[    3.637807] raid6: sse2x2   gen() 14914 MB/s
[    3.705780] raid6: sse2x2   xor()  8770 MB/s
[    3.773735] raid6: sse2x4   gen() 15792 MB/s
[    3.841703] raid6: sse2x4   xor()  3591 MB/s
[    3.909674] raid6: avx2x1   gen() 17125 MB/s
[    3.978080] raid6: avx2x2   gen() 19236 MB/s
[    4.046136] raid6: avx2x4   gen() 17376 MB/s
[    4.046959] raid6: using algorithm avx2x2 gen() 19236 MB/s
[    4.047777] raid6: using avx2x2 recovery algorithm
[    4.050258] xor: automatically using best checksumming function:
[    4.089663]    avx       : 12715.000 MB/sec
[    4.092492] async_tx: api initialized (async)
[    4.104798] md: raid6 personality registered for level 6
[    4.105723] md: raid5 personality registered for level 5
[    4.106625] md: raid4 personality registered for level 4
[    4.112719] md: raid10 personality registered for level 10
done.
Begin: Running /scripts/init-premount ... done.
Begin: Mounting root file system ... Begin: Running /scripts/local-top ... done.
Begin: Running /scripts/local-premount ... [    4.143279] Btrfs loaded
Scanning for Btrfs filesystems
done.
Warning: fsck not present, so skipping root file system
[    4.177705] EXT4-fs (sda1): mounted filesystem with ordered data mode. Opts: (null)
done.
Begin: Running /scripts/local-bottom ... done.
Begin: Running /scripts/init-bottom ... done.
[    4.323486] systemd[1]: systemd 229 running in system mode. (+PAM +AUDIT +SELINUX +IMA +APPARMOR +SMACK +SYSVINIT +UTMP +LIBCRYPTSETUP +GCRYPT +GNUTLS +ACL +XZ -LZ4 +SECCOMP +BLKID +ELFUTILS +KMOD -IDN)
[    4.329169] systemd[1]: Detected virtualization oracle.
[    4.330703] systemd[1]: Detected architecture x86-64.

Welcome to [1mUbuntu 16.04.7 LTS[0m!

[    4.342371] systemd[1]: Set hostname to <docker.dexter.local>.
[    4.542678] systemd[1]: Listening on udev Control Socket.
[[0;32m  OK  [0m] Listening on udev Control Socket.
[    4.544877] systemd[1]: Started Trigger resolvconf update for networkd DNS.
[[0;32m  OK  [0m] Started Trigger resolvconf update for networkd DNS.
[    4.547121] systemd[1]: Reached target Swap.
[[0;32m  OK  [0m] Reached target Swap.
[    4.548855] systemd[1]: Started Forward Password Requests to Wall Directory Watch.
[[0;32m  OK  [0m] Started Forward Password Requests to Wall Directory Watch.
[    4.551435] systemd[1]: Listening on Device-mapper event daemon FIFOs.
[[0;32m  OK  [0m] Listening on Device-mapper event daemon FIFOs.
[    4.552819] systemd[1]: Listening on LVM2 metadata daemon socket.
[[0;32m  OK  [0m] Listening on LVM2 metadata daemon socket.
[    4.554441] systemd[1]: Reached target Encrypted Volumes.
[[0;32m  OK  [0m] Reached target Encrypted Volumes.
[    4.556218] systemd[1]: Created slice System Slice.
[[0;32m  OK  [0m] Created slice System Slice.
[    4.557536] systemd[1]: Listening on LVM2 poll daemon socket.
[[0;32m  OK  [0m] Listening on LVM2 poll daemon socket.
[    4.558782] systemd[1]: Reached target User and Group Name Lookups.
[[0;32m  OK  [0m] Reached target User and Group Name Lookups.
[    4.560207] systemd[1]: Listening on Journal Socket.
[[0;32m  OK  [0m] Listening on Journal Socket.
[    4.566857] systemd[1]: Mounting Huge Pages File System...
         Mounting Huge Pages File System...
[    4.574604] systemd[1]: Starting Load Kernel Modules...
         Starting Load Kernel Modules...
[    4.579328] systemd[1]: Mounting Debug File System...
         Mounting Debug File System...
[    4.585725] systemd[1]: Starting Nameserver information manager...
         Starting Nameserver information manager...
[    4.593149] Loading iSCSI transport class v2.0-870.
[    4.594139] systemd[1]: Starting Uncomplicated firewall...
         Starting Uncomplicated firewall...
[    4.596080] systemd[1]: Starting Monitoring of LVM2 mirrors, snapshots etc. using dmeventd or progress polling...
         Starting Monitoring of LVM2 mirrors... dmeventd or progress polling...
[    4.608257] iscsi: registered transport (tcp)
[    4.610219] systemd[1]: Listening on Syslog Socket.
[[0;32m  OK  [0m] Listening on Syslog Socket.
[    4.611869] systemd[1]: Listening on Journal Socket (/dev/log).
[[0;32m  OK  [0m] Listening on Journal Socket (/dev/log).
[    4.615979] systemd[1]: Created slice User and Session Slice.
[[0;32m  OK  [0m] Created slice User and Session Slice.
[    4.618462] systemd[1]: Reached target Slices.
[[0;32m  OK  [0m] Reached target Slices.
[    4.622216] systemd[1]: Starting Set console keymap...
         Starting Set console keymap...
[    4.625599] systemd[1]: Listening on Journal Audit Socket.
[[0;32m  OK  [0m] Listening on Journal Audit Socket.
[    4.631063] systemd[1]: Starting Journal Service...
         Starting Journal Service...
[    4.636478] systemd[1]: Created slice system-serial\x2dgetty.slice.
[[0;32m  OK  [0m] Created slice system-serial\x2dgetty.slice.
[    4.639634] systemd[1]: Set up automount Arbitrary Executable File Formats File System Automount Point.
[[0;32m  OK  [0m] Set up automount Arbitrary Executab...ats File System Automount Point.
[    4.646957] systemd[1]: Starting Create list of required static device nodes for the current kernel...
         Starting Create list of required st... nodes for the current kernel...
[    4.652521] systemd[1]: Starting Remount Root and Kernel File Systems...
         Starting Remount Root and Kernel File Systems...
[    4.657697] systemd[1]: Listening on udev Kernel Socket.
[[0;32m  OK  [0m] Listening on udev Kernel Socket.
[    4.659089] systemd[1]: Reached target System Time Synchronized.
[[0;32m  OK  [0m] Reached target System Time Synchronized.
[    4.663097] systemd[1]: Listening on /dev/initctl Compatibility Named Pipe.
[[0;32m  OK  [0m] Listening on /dev/initctl Compatibility Named Pipe.
[    4.666512] systemd[1]: Mounting POSIX Message Queue File System...
         Mounting POSIX Message Queue File System...
[    4.675668] systemd[1]: Mounted Huge Pages File System.
[[0;32m  OK  [0m] Mounted Huge Pages File System.
[    4.677524] systemd[1]: Mounted Debug File System.
[[0;32m  OK  [0m] Mounted Debug File System.
[    4.681245] systemd[1]: Mounted POSIX Message Queue File System.
[[0;32m  OK  [0m] Mounted POSIX Message Queue File System.
[    4.688219] systemd[1]: Started Uncomplicated firewall.
[[0;32m  OK  [0m] Started Uncomplicated firewall.
[    4.689474] EXT4-fs (sda1): re-mounted. Opts: (null)
[    4.695346] systemd[1]: Started Create list of required static device nodes for the current kernel.
[[0;32m  OK  [0m] Started Create list of required sta...ce nodes for the current kernel.
[    4.701047] systemd[1]: Started Remount Root and Kernel File Systems.
[[0;32m  OK  [0m] Started Remount Root and Kernel File Systems.
[    4.706925] systemd[1]: Started Nameserver information manager.
[[0;32m  OK  [0m] Started Nameserver information manager.
[    4.718042] systemd[1]: Started LVM2 metadata daemon.
[[0;32m  OK  [0m] Started LVM2 metadata daemon.
[    4.726528] systemd[1]: Starting Load/Save Random Seed...
         Starting Load/Save Random Seed...
[    4.735105] systemd[1]: Starting udev Coldplug all Devices...
         Starting udev Coldplug all Devices...
[    4.740346] systemd[1]: Starting Create Static Device Nodes in /dev...
         Starting Create Static Device Nodes in /dev...
[    4.746305] systemd[1]: Started Load/Save Random Seed.
[[0;32m  OK  [0m] Started Load/Save Random Seed.
[    4.764971] iscsi: registered transport (iser)
[    4.773004] systemd[1]: Started Create Static Device Nodes in /dev.
[[0;32m  OK  [0m] Started Create Static Device Nodes in /dev.
[    4.775788] systemd[1]: Starting udev Kernel Device Manager...
         Starting udev Kernel Device Manager...
[    4.785939] systemd[1]: Started Load Kernel Modules.
[[0;32m  OK  [0m] Started Load Kernel Modules.
[    4.790861] systemd[1]: Mounting FUSE Control File System...
         Mounting FUSE Control File System...
[    4.796546] systemd[1]: Starting Apply Kernel Variables...
         Starting Apply Kernel Variables...
[    4.802693] systemd[1]: Mounted FUSE Control File System.
[[0;32m  OK  [0m] Mounted FUSE Control File System.
[    4.808829] systemd[1]: Started Journal Service.
[[0;32m  OK  [0m] Started Journal Service.
         Starting Flush Journal to Persistent Storage...
[[0;32m  OK  [0m] Started Apply Kernel Variables.
[[0;32m  OK  [0m] Started Flush Journal to Persistent Storage.
[[0;32m  OK  [0m] Started udev Kernel Device Manager.
[[0;32m  OK  [0m] Started Set console keymap.
[[0;32m  OK  [0m] Started udev Coldplug all Devices.
[[0;32m  OK  [0m] Started Dispatch Password Requests to Console Directory Watch.
[[0;32m  OK  [0m] Found device /dev/ttyS0.
[[0;32m  OK  [0m] Listening on Load/Save RF Kill Switch Status /dev/rfkill Watch.
[[0;32m  OK  [0m] Started Monitoring of LVM2 mirrors,...ng dmeventd or progress polling.
[[0;32m  OK  [0m] Reached target Local File Systems (Pre).
[[0;32m  OK  [0m] Reached target Local File Systems.
         Starting Create Volatile Files and Directories...
         Starting Tell Plymouth To Write Out Runtime Data...
         Starting Initial cloud-init job (pre-networking)...
         Starting LSB: AppArmor initialization...
         Starting Set console font and keymap...
         Mounting /vagrant...
[[0;32m  OK  [0m] Started Tell Plymouth To Write Out Runtime Data.
[[0;1;31mFAILED[0m] Failed to mount /vagrant.
See 'systemctl status vagrant.mount' for details.
[[0;32m  OK  [0m] Started Create Volatile Files and Directories.
         Starting Update UTMP about System Boot/Shutdown...
[[0;32m  OK  [0m] Started Update UTMP about System Boot/Shutdown.
[[0;32m  OK  [0m] Found device 82540EM Gigabit Ethern...r (PRO/1000 MT Desktop Adapter).
[[0;32m  OK  [0m] Started LSB: AppArmor initialization.
         Starting Load AppArmor profiles managed internally by snapd...
[[0;32m  OK  [0m] Started Load AppArmor profiles managed internally by snapd.
[[0;32m  OK  [0m] Started Set console font and keymap.
[[0;32m  OK  [0m] Created slice system-getty.slice.
[    6.492074] cloud-init[605]: Cloud-init v. 20.2-45-g5f7825e2-0ubuntu1~16.04.1 running 'init-local' at Wed, 16 Sep 2020 18:34:00 +0000. Up 6.14 seconds.
[[0;32m  OK  [0m] Started Initial cloud-init job (pre-networking).
[[0;32m  OK  [0m] Reached target Network (Pre).
         Starting Raise network interfaces...
[[0;32m  OK  [0m] Started ifup for enp0s3.
[[0;1;31mFAILED[0m] Failed to start Raise network interfaces.
See 'systemctl status networking.service' for details.
[[0;32m  OK  [0m] Reached target Network.
         Starting Initial cloud-init job (metadata service crawler)...
[    7.310565] cloud-init[1091]: Cloud-init v. 20.2-45-g5f7825e2-0ubuntu1~16.04.1 running 'init' at Wed, 16 Sep 2020 18:34:01 +0000. Up 7.04 seconds.
[    7.312428] cloud-init[1091]: ci-info: ++++++++++++++++++++++++++++++++++++++Net device info++++++++++++++++++++++++++++++++++++++
[    7.313624] cloud-init[1091]: ci-info: +--------+-------+---------------------------+---------------+--------+-------------------+
[    7.316975] cloud-init[1091]: ci-info: | Device |   Up  |          Address          |      Mask     | Scope  |     Hw-Address    |
[    7.321824] cloud-init[1091]: ci-info: +--------+-------+---------------------------+---------------+--------+-------------------+
[    7.322954] cloud-init[1091]: ci-info: | enp0s3 |  True |         10.0.2.15         | 255.255.255.0 | global | 02:8f:67:5f:07:a5 |
[    7.324248] cloud-init[1091]: ci-info: | enp0s3 |  True |         10.0.4.12         | 255.255.255.0 | global | 02:8f:67:5f:07:a5 |
[    7.328460] cloud-init[1091]: ci-info: | enp0s3 |  True | fe80::8f:67ff:fe5f:7a5/64 |       .       |  link  | 02:8f:67:5f:07:a5 |
[    7.329446] cloud-init[1091]: ci-info: | enp0s8 | False |             .             |       .       |   .    | 08:00:27:e2:8c:fb |
[    7.330577] cloud-init[1091]: ci-info: |   lo   |  True |         127.0.0.1         |   255.0.0.0   |  host  |         .         |
[    7.332475] cloud-init[1091]: ci-info: |   lo   |  True |          ::1/128          |       .       |  host  |         .         |
[    7.336555] cloud-init[1091]: ci-info: +--------+-------+---------------------------+---------------+--------+-------------------+
[    7.337584] cloud-init[1091]: ci-info: +++++++++++++++++++++++++++Route IPv4 info++++++++++++++++++++++++++++
[    7.338578] cloud-init[1091]: ci-info: +-------+-------------+----------+---------------+-----------+-------+
[    7.340609] cloud-init[1091]: ci-info: | Route | Destination | Gateway  |    Genmask    | Interface | Flags |
[    7.344299] cloud-init[1091]: ci-info: +-------+-------------+----------+---------------+-----------+-------+
[    7.345230] cloud-init[1091]: ci-info: |   0   |   0.0.0.0   | 10.0.2.2 |    0.0.0.0    |   enp0s3  |   UG  |
[    7.348364] cloud-init[1091]: ci-info: |   1   |   10.0.2.0  | 0.0.0.0  | 255.255.255.0 |   enp0s3  |   U   |
[    7.349531] cloud-init[1091]: ci-info: |   2   |   10.0.4.0  | 0.0.0.0  | 255.255.255.0 |   enp0s3  |   U   |
[    7.352411] cloud-init[1091]: ci-info: +-------+-------------+----------+---------------+-----------+-------+
[    7.356726] cloud-init[1091]: ci-info: +++++++++++++++++++Route IPv6 info+++++++++++++++++++
[    7.357497] cloud-init[1091]: ci-info: +-------+-------------+---------+-----------+-------+
[    7.358344] cloud-init[1091]: ci-info: | Route | Destination | Gateway | Interface | Flags |
[    7.359194] cloud-init[1091]: ci-info: +-------+-------------+---------+-----------+-------+
[    7.360003] cloud-init[1091]: ci-info: |   0   |  fe80::/64  |    ::   |   enp0s3  |   U   |
[    7.362519] cloud-init[1091]: ci-info: |   3   |   ff00::/8  |    ::   |   enp0s3  |   U   |
[    7.364629] cloud-init[1091]: ci-info: +-------+-------------+---------+-----------+-------+
[[0;32m  OK  [0m] Started Initial cloud-init job (metadata service crawler).
[[0;32m  OK  [0m] Reached target Network is Online.
         Starting iSCSI initiator daemon (iscsid)...
[[0;32m  OK  [0m] Reached target System Initialization.
[[0;32m  OK  [0m] Listening on D-Bus System Message Bus Socket.
[[0;32m  OK  [0m] Listening on UUID daemon activation socket.
[[0;32m  OK  [0m] Started ACPI Events Check.
[[0;32m  OK  [0m] Reached target Paths.
[[0;32m  OK  [0m] Listening on ACPID Listen Socket.
[[0;32m  OK  [0m] Started Message of the Day.
         Starting LXD - unix socket.
         Starting Socket activation for snappy daemon.
[[0;32m  OK  [0m] Started Daily Cleanup of Temporary Directories.
[[0;32m  OK  [0m] Started Daily apt download activities.
[[0;32m  OK  [0m] Started Daily apt upgrade and clean activities.
[[0;32m  OK  [0m] Reached target Timers.
[[0;32m  OK  [0m] Reached target Cloud-config availability.
[[0;32m  OK  [0m] Listening on LXD - unix socket.
[[0;32m  OK  [0m] Listening on Socket activation for snappy daemon.
[[0;32m  OK  [0m] Reached target Sockets.
[[0;32m  OK  [0m] Reached target Basic System.
         Starting /etc/rc.local Compatibility...
         Starting LSB: MD monitoring daemon...
[[0;32m  OK  [0m] Started Deferred execution scheduler.
[[0;32m  OK  [0m] Started D-Bus System Message Bus.
         Starting Accounts Service...
         Starting OpenBSD Secure Shell server...
[[0;32m  OK  [0m] Started Regular background program processing daemon.
[[0;32m  OK  [0m] Started FUSE filesystem for LXC.
         Starting System Logging Service...
         Starting Login Service...
         Starting Virtualbox guest utils...
[[0;32m  OK  [0m] Started ACPI event daemon.
         Starting LSB: Record successful boot for GRUB...
         Starting Snap Daemon...
         Starting LXD - container startup/shutdown...
[[0;32m  OK  [0m] Started iSCSI initiator daemon (iscsid).
[[0;32m  OK  [0m] Started /etc/rc.local Compatibility.
         Starting Login to default iSCSI targets...
[[0;32m  OK  [0m] Started Login Service.
[[0;32m  OK  [0m] Started Unattended Upgrades Shutdown.
[[0;32m  OK  [0m] Started Login to default iSCSI targets.
[[0;32m  OK  [0m] Reached target Remote File Systems (Pre).
[[0;32m  OK  [0m] Reached target Remote File Systems.
         Starting LSB: automatic crash report generation...
         Starting Permit User Sessions...
         Starting LSB: daemon to balance interrupts for SMP systems...
         Starting LSB: Set the CPU Frequency Scaling governor to "ondemand"...
[[0;32m  OK  [0m] Started System Logging Service.
[[0;32m  OK  [0m] Started Permit User Sessions.
         Starting Terminate Plymouth Boot Screen...
         Starting Hold until boot process finishes up...
[[0;32m  OK  [0m] Started Terminate Plymouth Boot Screen.
[[0;32m  OK  [0m] Started Hold until boot process finishes up.
[[0;32m  OK  [0m] Started Getty on tty1.
         Starting Set console scheme...
[[0;32m  OK  [0m] Started Serial Getty on ttyS0.
[[0;32m  OK  [0m] Reached target Login Prompts.
[[0;32m  OK  [0m] Started Set console scheme.
[[0;32m  OK  [0m] Started LSB: MD monitoring daemon.
[[0;32m  OK  [0m] Started LSB: Set the CPU Frequency Scaling governor to "ondemand".
[[0;32m  OK  [0m] Started LSB: Record successful boot for GRUB.
[[0;32m  OK  [0m] Started OpenBSD Secure Shell server.
[[0;32m  OK  [0m] Started LSB: automatic crash report generation.
[[0;32m  OK  [0m] Started LSB: daemon to balance interrupts for SMP systems.
         Starting Authenticate and Authorize Users to Run Privileged Tasks...
[[0;32m  OK  [0m] Started Authenticate and Authorize Users to Run Privileged Tasks.
[[0;32m  OK  [0m] Started Accounts Service.
[[0;32m  OK  [0m] Started LXD - container startup/shutdown.
[[0;32m  OK  [0m] Started Virtualbox guest utils.
[[0;32m  OK  [0m] Started Snap Daemon.
         Starting Wait until snapd is fully seeded...
[[0;32m  OK  [0m] Started Wait until snapd is fully seeded.
         Starting Apply the settings specified in cloud-config...
[[0;32m  OK  [0m] Reached target Multi-User System.
[[0;32m  OK  [0m] Reached target Graphical Interface.
         Starting Update UTMP about System Runlevel Changes...
[[0;32m  OK  [0m] Started Update UTMP about System Runlevel Changes.
[    8.459661] cloud-init[1362]: Cloud-init v. 20.2-45-g5f7825e2-0ubuntu1~16.04.1 running 'modules:config' at Wed, 16 Sep 2020 18:34:03 +0000. Up 8.37 seconds.
[[0;32m  OK  [0m] Started Apply the settings specified in cloud-config.
         Starting Execute cloud user/final scripts...
[    8.888427] cloud-init[1377]: Cloud-init v. 20.2-45-g5f7825e2-0ubuntu1~16.04.1 running 'modules:final' at Wed, 16 Sep 2020 18:34:03 +0000. Up 8.77 seconds.
[    8.890665] cloud-init[1377]: Cloud-init v. 20.2-45-g5f7825e2-0ubuntu1~16.04.1 finished at Wed, 16 Sep 2020 18:34:03 +0000. Datasource DataSourceNoCloud [seed=/dev/sdb][dsmode=net].  Up 8.88 seconds
[[0;32m  OK  [0m] Started Execute cloud user/final scripts.
[[0;32m  OK  [0m] Reached target Cloud-init target.

Ubuntu 16.04.7 LTS docker.dexter.local ttyS0

docker login: 